[debug] [2019-04-05T23:54:08.505Z] ----------------------------------------------------------------------
[debug] [2019-04-05T23:54:08.508Z] Command:       C:\Program Files\node.exe C:\Users\johns\AppData\Roaming\npm\node_modules\firebase-tools\lib\bin\firebase.js init
[debug] [2019-04-05T23:54:08.508Z] CLI Version:   6.5.2
[debug] [2019-04-05T23:54:08.508Z] Platform:      win32
[debug] [2019-04-05T23:54:08.508Z] Node Version:  v11.12.0
[debug] [2019-04-05T23:54:08.509Z] Time:          Fri Apr 05 2019 16:54:08 GMT-0700 (Pacific Daylight Time)
[debug] [2019-04-05T23:54:08.509Z] ----------------------------------------------------------------------
[debug] 
[debug] [2019-04-05T23:54:08.516Z] > command requires scopes: ["email","openid","https://www.googleapis.com/auth/cloudplatformprojects.readonly","https://www.googleapis.com/auth/firebase","https://www.googleapis.com/auth/cloud-platform"]
[debug] [2019-04-05T23:54:08.517Z] > authorizing via signed-in user
[info] 
     ######## #### ########  ######## ########     ###     ######  ########
     ##        ##  ##     ## ##       ##     ##  ##   ##  ##       ##
     ######    ##  ########  ######   ########  #########  ######  ######
     ##        ##  ##    ##  ##       ##     ## ##     ##       ## ##
     ##       #### ##     ## ######## ########  ##     ##  ######  ########

You're about to initialize a Firebase project in this directory:

  C:\Users\johns\desktop\Epicodus\clones\angular-rebuild

Before we get started, keep in mind:

  * You are initializing in an existing Firebase project directory

